<?xml version="1.0" encoding="UTF-8"?>
<!-- Generated by org.testng.reporters.JUnitXMLReporter -->
<testsuite ignored="0" hostname="LAPTOP-PL6FGJN7" failures="0" tests="1" name="Surefire test" time="0.123" errors="0" timestamp="2025-08-01T14:04:04 IST">
  <testcase classname="base.TestBase" name="@BeforeClass setup" time="-1.754037244717E9">
    <failure type="org.testng.TestNGException" message="
Parameter &amp;apos;os&amp;apos; is required by BeforeClass on method setup but has not been marked @Optional or defined
">
      <![CDATA[org.testng.TestNGException: 
Parameter 'os' is required by BeforeClass on method setup but has not been marked @Optional or defined

at java.base/java.util.ArrayList.forEach(ArrayList.java:1511)
... Removed 27 stack frames]]>
    </failure>
  </testcase> <!-- @BeforeClass setup -->
  <testcase classname="base.TestBase" name="@AfterClass close" time="0.0">
    <skipped/>
  </testcase> <!-- @AfterClass close -->
  <testcase classname="testCases.TC001_Login_Test" name="VerifyLoginFun" time="0.0">
    <skipped/>
  </testcase> <!-- VerifyLoginFun -->
</testsuite> <!-- Surefire test -->
