<?xml version="1.0" encoding="UTF-8"?>
<testng-results ignored="0" total="7" passed="6" failed="1" skipped="0">
  <reporter-output>
  </reporter-output>
  <suite started-at="2025-08-03T11:20:07 IST" name="Suite" finished-at="2025-08-03T11:20:37 IST" duration-ms="30204">
    <groups>
      <group name="Master">
        <method signature="TC001_PurchaseFlow_Test.VerifyLoginFun()[pri:0, instance:testCases.TC001_PurchaseFlow_Test@b83a9be]" name="VerifyLoginFun" class="testCases.TC001_PurchaseFlow_Test"/>
        <method signature="TC001_PurchaseFlow_Test.VerifyAddToCartFunc()[pri:1, instance:testCases.TC001_PurchaseFlow_Test@b83a9be]" name="VerifyAddToCartFunc" class="testCases.TC001_PurchaseFlow_Test"/>
        <method signature="TC001_PurchaseFlow_Test.Verify_CartPage_Func()[pri:2, instance:testCases.TC001_PurchaseFlow_Test@b83a9be]" name="Verify_CartPage_Func" class="testCases.TC001_PurchaseFlow_Test"/>
        <method signature="TC001_PurchaseFlow_Test.Verify_Checkout_Func()[pri:3, instance:testCases.TC001_PurchaseFlow_Test@b83a9be]" name="Verify_Checkout_Func" class="testCases.TC001_PurchaseFlow_Test"/>
        <method signature="TC001_PurchaseFlow_Test.Verify_Order_Success_Func()[pri:4, instance:testCases.TC001_PurchaseFlow_Test@b83a9be]" name="Verify_Order_Success_Func" class="testCases.TC001_PurchaseFlow_Test"/>
        <method signature="TC001_PurchaseFlow_Test.Verify_Logout_Fun()[pri:5, instance:testCases.TC001_PurchaseFlow_Test@b83a9be]" name="Verify_Logout_Fun" class="testCases.TC001_PurchaseFlow_Test"/>
        <method signature="TC001_PurchaseFlow_Test.Verify_Invalid_Login_Fun()[pri:6, instance:testCases.TC001_PurchaseFlow_Test@b83a9be]" name="Verify_Invalid_Login_Fun" class="testCases.TC001_PurchaseFlow_Test"/>
      </group> <!-- Master -->
      <group name="Sanity">
        <method signature="TC001_PurchaseFlow_Test.VerifyLoginFun()[pri:0, instance:testCases.TC001_PurchaseFlow_Test@b83a9be]" name="VerifyLoginFun" class="testCases.TC001_PurchaseFlow_Test"/>
        <method signature="TC001_PurchaseFlow_Test.VerifyAddToCartFunc()[pri:1, instance:testCases.TC001_PurchaseFlow_Test@b83a9be]" name="VerifyAddToCartFunc" class="testCases.TC001_PurchaseFlow_Test"/>
        <method signature="TC001_PurchaseFlow_Test.Verify_CartPage_Func()[pri:2, instance:testCases.TC001_PurchaseFlow_Test@b83a9be]" name="Verify_CartPage_Func" class="testCases.TC001_PurchaseFlow_Test"/>
        <method signature="TC001_PurchaseFlow_Test.Verify_Checkout_Func()[pri:3, instance:testCases.TC001_PurchaseFlow_Test@b83a9be]" name="Verify_Checkout_Func" class="testCases.TC001_PurchaseFlow_Test"/>
        <method signature="TC001_PurchaseFlow_Test.Verify_Order_Success_Func()[pri:4, instance:testCases.TC001_PurchaseFlow_Test@b83a9be]" name="Verify_Order_Success_Func" class="testCases.TC001_PurchaseFlow_Test"/>
        <method signature="TC001_PurchaseFlow_Test.Verify_Logout_Fun()[pri:5, instance:testCases.TC001_PurchaseFlow_Test@b83a9be]" name="Verify_Logout_Fun" class="testCases.TC001_PurchaseFlow_Test"/>
        <method signature="TC001_PurchaseFlow_Test.Verify_Invalid_Login_Fun()[pri:6, instance:testCases.TC001_PurchaseFlow_Test@b83a9be]" name="Verify_Invalid_Login_Fun" class="testCases.TC001_PurchaseFlow_Test"/>
      </group> <!-- Sanity -->
    </groups>
    <test started-at="2025-08-03T11:20:07 IST" name="ChromeTest" finished-at="2025-08-03T11:20:37 IST" duration-ms="30204">
      <class name="testCases.TC001_PurchaseFlow_Test">
        <test-method is-config="true" signature="setup(java.lang.String)[pri:0, instance:testCases.TC001_PurchaseFlow_Test@b83a9be]" started-at="2025-08-03T11:20:07 IST" name="setup" finished-at="2025-08-03T11:20:10 IST" duration-ms="2376" status="PASS">
          <params>
            <param index="0">
              <value>
                <![CDATA[chrome]]>
              </value>
            </param>
          </params>
          <reporter-output>
          </reporter-output>
        </test-method> <!-- setup -->
        <test-method signature="VerifyLoginFun()[pri:0, instance:testCases.TC001_PurchaseFlow_Test@b83a9be]" started-at="2025-08-03T11:20:10 IST" name="VerifyLoginFun" finished-at="2025-08-03T11:20:14 IST" duration-ms="4430" status="PASS">
          <reporter-output>
          </reporter-output>
        </test-method> <!-- VerifyLoginFun -->
        <test-method signature="VerifyAddToCartFunc()[pri:1, instance:testCases.TC001_PurchaseFlow_Test@b83a9be]" started-at="2025-08-03T11:20:14 IST" name="VerifyAddToCartFunc" finished-at="2025-08-03T11:20:17 IST" duration-ms="3218" status="PASS">
          <reporter-output>
          </reporter-output>
        </test-method> <!-- VerifyAddToCartFunc -->
        <test-method signature="Verify_CartPage_Func()[pri:2, instance:testCases.TC001_PurchaseFlow_Test@b83a9be]" started-at="2025-08-03T11:20:17 IST" name="Verify_CartPage_Func" finished-at="2025-08-03T11:20:21 IST" duration-ms="3287" status="PASS">
          <reporter-output>
          </reporter-output>
        </test-method> <!-- Verify_CartPage_Func -->
        <test-method signature="Verify_Checkout_Func()[pri:3, instance:testCases.TC001_PurchaseFlow_Test@b83a9be]" started-at="2025-08-03T11:20:21 IST" name="Verify_Checkout_Func" finished-at="2025-08-03T11:20:25 IST" duration-ms="4739" status="PASS">
          <reporter-output>
          </reporter-output>
        </test-method> <!-- Verify_Checkout_Func -->
        <test-method signature="Verify_Order_Success_Func()[pri:4, instance:testCases.TC001_PurchaseFlow_Test@b83a9be]" started-at="2025-08-03T11:20:25 IST" name="Verify_Order_Success_Func" finished-at="2025-08-03T11:20:27 IST" duration-ms="1262" status="PASS">
          <reporter-output>
          </reporter-output>
        </test-method> <!-- Verify_Order_Success_Func -->
        <test-method signature="Verify_Logout_Fun()[pri:5, instance:testCases.TC001_PurchaseFlow_Test@b83a9be]" started-at="2025-08-03T11:20:27 IST" name="Verify_Logout_Fun" finished-at="2025-08-03T11:20:27 IST" duration-ms="279" status="PASS">
          <reporter-output>
          </reporter-output>
        </test-method> <!-- Verify_Logout_Fun -->
        <test-method signature="Verify_Invalid_Login_Fun()[pri:6, instance:testCases.TC001_PurchaseFlow_Test@b83a9be]" started-at="2025-08-03T11:20:27 IST" name="Verify_Invalid_Login_Fun" finished-at="2025-08-03T11:20:37 IST" duration-ms="10287" status="FAIL">
          <exception class="java.lang.AssertionError">
            <message>
              <![CDATA[User not able to login with invalid cred expected [true] but found [false]]]>
            </message>
            <full-stacktrace>
              <![CDATA[java.lang.AssertionError: User not able to login with invalid cred expected [true] but found [false]
at org.testng.Assert.fail(Assert.java:111)
at org.testng.Assert.failNotEquals(Assert.java:1590)
at org.testng.Assert.assertEqualsImpl(Assert.java:150)
at org.testng.Assert.assertEquals(Assert.java:132)
at org.testng.Assert.assertEquals(Assert.java:1079)
at org.testng.Assert.assertEquals(Assert.java:1043)
at testCases.TC001_PurchaseFlow_Test.Verify_Invalid_Login_Fun(TC001_PurchaseFlow_Test.java:123)
at java.base/jdk.internal.reflect.DirectMethodHandleAccessor.invoke(DirectMethodHandleAccessor.java:104)
at java.base/java.lang.reflect.Method.invoke(Method.java:578)
at org.testng.internal.invokers.MethodInvocationHelper.invokeMethod(MethodInvocationHelper.java:141)
at org.testng.internal.invokers.TestInvoker.invokeMethod(TestInvoker.java:687)
at org.testng.internal.invokers.TestInvoker.invokeTestMethod(TestInvoker.java:230)
at org.testng.internal.invokers.MethodRunner.runInSequence(MethodRunner.java:63)
at org.testng.internal.invokers.TestInvoker$MethodInvocationAgent.invoke(TestInvoker.java:995)
at org.testng.internal.invokers.TestInvoker.invokeTestMethods(TestInvoker.java:203)
at org.testng.internal.invokers.TestMethodWorker.invokeTestMethods(TestMethodWorker.java:154)
at org.testng.internal.invokers.TestMethodWorker.run(TestMethodWorker.java:134)
at java.base/java.util.ArrayList.forEach(ArrayList.java:1511)
at org.testng.TestRunner.privateRun(TestRunner.java:741)
at org.testng.TestRunner.run(TestRunner.java:616)
at org.testng.SuiteRunner.runTest(SuiteRunner.java:421)
at org.testng.SuiteRunner.runSequentially(SuiteRunner.java:413)
at org.testng.SuiteRunner.privateRun(SuiteRunner.java:373)
at org.testng.SuiteRunner.run(SuiteRunner.java:312)
at org.testng.SuiteRunnerWorker.runSuite(SuiteRunnerWorker.java:52)
at org.testng.SuiteRunnerWorker.run(SuiteRunnerWorker.java:95)
at org.testng.TestNG.runSuitesSequentially(TestNG.java:1274)
at org.testng.TestNG.runSuitesLocally(TestNG.java:1208)
at org.testng.TestNG.runSuites(TestNG.java:1112)
at org.testng.TestNG.run(TestNG.java:1079)
at org.testng.remote.AbstractRemoteTestNG.run(AbstractRemoteTestNG.java:115)
at org.testng.remote.RemoteTestNG.initAndRun(RemoteTestNG.java:293)
at org.testng.remote.RemoteTestNG.main(RemoteTestNG.java:91)
]]>
            </full-stacktrace>
          </exception> <!-- java.lang.AssertionError -->
          <reporter-output>
          </reporter-output>
        </test-method> <!-- Verify_Invalid_Login_Fun -->
        <test-method is-config="true" signature="close()[pri:0, instance:testCases.TC001_PurchaseFlow_Test@b83a9be]" started-at="2025-08-03T11:20:37 IST" name="close" finished-at="2025-08-03T11:20:37 IST" duration-ms="245" status="PASS">
          <reporter-output>
          </reporter-output>
        </test-method> <!-- close -->
      </class> <!-- testCases.TC001_PurchaseFlow_Test -->
    </test> <!-- ChromeTest -->
  </suite> <!-- Suite -->
</testng-results>
